2016/01/04 20:33:53 [error] [exception.CException] exception 'CException' with message 'CAssetManager.basePath "/var/www/html/assets" is invalid. Please make sure the directory exists and is writable by the Web server process.' in /var/www/yii/framework/web/CAssetManager.php:138
Stack trace:
#0 /var/www/yii/framework/web/CAssetManager.php(123): CAssetManager->setBasePath('/var/www/html/a...')
#1 /var/www/yii/framework/web/CAssetManager.php(217): CAssetManager->getBasePath()
#2 /var/www/yii/framework/web/CClientScript.php(511): CAssetManager->publish('/var/www/yii/fr...')
#3 /var/www/yii/framework/web/CClientScript.php(548): CClientScript->getCoreScriptUrl()
#4 /var/www/yii/framework/web/CClientScript.php(349): CClientScript->getPackageBaseUrl('jquery')
#5 /var/www/yii/framework/web/CClientScript.php(208): CClientScript->renderCoreScripts()
#6 /var/www/yii/framework/web/CController.php(351): CClientScript->render('<!DOCTYPE html>...')
#7 /var/www/yii/framework/web/CController.php(788): CController->processOutput('<!DOCTYPE html>...')
#8 /var/www/html/protected/controllers/SiteController.php(98): CController->render('login', Array)
#9 /var/www/yii/framework/web/actions/CInlineAction.php(49): SiteController->actionLogin()
#10 /var/www/yii/framework/web/CController.php(308): CInlineAction->runWithParams(Array)
#11 /var/www/yii/framework/web/CController.php(286): CController->runAction(Object(CInlineAction))
#12 /var/www/yii/framework/web/CController.php(265): CController->runActionWithFilters(Object(CInlineAction), Array)
#13 /var/www/yii/framework/web/CWebApplication.php(282): CController->run('login')
#14 /var/www/yii/framework/web/CWebApplication.php(141): CWebApplication->runController('site/login')
#15 /var/www/yii/framework/base/CApplication.php(184): CWebApplication->processRequest()
#16 /var/www/html/index.php(13): CApplication->run()
#17 {main}
REQUEST_URI=/index.php?r=site/login
HTTP_REFERER=http://37.46.132.121/
---
